2018-03-14T07:47:44.342625Z 0 [Warning] TIMESTAMP with implicit DEFAULT value is deprecated. Please use --explicit_defaults_for_timestamp server option (see documentation for more details).
2018-03-14T07:47:44.595597Z 0 [Warning] InnoDB: New log files created, LSN=45790
2018-03-14T07:47:44.762328Z 0 [Warning] InnoDB: Creating foreign key constraint system tables.
2018-03-14T07:47:44.821244Z 0 [Warning] No existing UUID has been found, so we assume that this is the first time that this server has been started. Generating a new UUID: fb681f91-275b-11e8-b94f-0242ac110002.
2018-03-14T07:47:44.823398Z 0 [Warning] Gtid table is not ready to be used. Table 'mysql.gtid_executed' cannot be opened.
2018-03-14T07:47:44.823888Z 1 [Warning] root@localhost is created with an empty password ! Please consider switching off the --initialize-insecure option.
2018-03-14T07:47:47.403615Z 0 [Warning] TIMESTAMP with implicit DEFAULT value is deprecated. Please use --explicit_defaults_for_timestamp server option (see documentation for more details).
2018-03-14T07:47:47.405190Z 0 [Note] mysqld (mysqld 5.7.21) starting as process 502 ...
2018-03-14T07:47:47.408124Z 0 [Note] InnoDB: PUNCH HOLE support available
2018-03-14T07:47:47.408140Z 0 [Note] InnoDB: Mutexes and rw_locks use GCC atomic builtins
2018-03-14T07:47:47.408144Z 0 [Note] InnoDB: Uses event mutexes
2018-03-14T07:47:47.408148Z 0 [Note] InnoDB: GCC builtin __atomic_thread_fence() is used for memory barrier
2018-03-14T07:47:47.408151Z 0 [Note] InnoDB: Compressed tables use zlib 1.2.3
2018-03-14T07:47:47.408155Z 0 [Note] InnoDB: Using Linux native AIO
2018-03-14T07:47:47.408365Z 0 [Note] InnoDB: Number of pools: 1
2018-03-14T07:47:47.408458Z 0 [Note] InnoDB: Using CPU crc32 instructions
2018-03-14T07:47:47.409917Z 0 [Note] InnoDB: Initializing buffer pool, total size = 128M, instances = 1, chunk size = 128M
2018-03-14T07:47:47.416933Z 0 [Note] InnoDB: Completed initialization of buffer pool
2018-03-14T07:47:47.418986Z 0 [Note] InnoDB: If the mysqld execution user is authorized, page cleaner thread priority can be changed. See the man page of setpriority().
2018-03-14T07:47:47.430761Z 0 [Note] InnoDB: Highest supported file format is Barracuda.
2018-03-14T07:47:47.441405Z 0 [Note] InnoDB: Creating shared tablespace for temporary tables
2018-03-14T07:47:47.441468Z 0 [Note] InnoDB: Setting file './ibtmp1' size to 12 MB. Physically writing the file full; Please wait ...
2018-03-14T07:47:47.463152Z 0 [Note] InnoDB: File './ibtmp1' size is now 12 MB.
2018-03-14T07:47:47.463846Z 0 [Note] InnoDB: 96 redo rollback segment(s) found. 96 redo rollback segment(s) are active.
2018-03-14T07:47:47.463856Z 0 [Note] InnoDB: 32 non-redo rollback segment(s) are active.
2018-03-14T07:47:47.464151Z 0 [Note] InnoDB: Waiting for purge to start
2018-03-14T07:47:47.514403Z 0 [Note] InnoDB: 5.7.21 started; log sequence number 2551166
2018-03-14T07:47:47.514659Z 0 [Note] InnoDB: Loading buffer pool(s) from /var/lib/mysql/ib_buffer_pool
2018-03-14T07:47:47.514832Z 0 [Note] Plugin 'FEDERATED' is disabled.
2018-03-14T07:47:47.515993Z 0 [Note] InnoDB: Buffer pool(s) load completed at 180314  7:47:47
2018-03-14T07:47:47.519281Z 0 [Warning] Failed to set up SSL because of the following SSL library error: SSL context is not usable without certificate and private key
2018-03-14T07:47:47.519419Z 0 [Note] Server hostname (bind-address): '127.0.0.1'; port: 3306
2018-03-14T07:47:47.519438Z 0 [Note]   - '127.0.0.1' resolves to '127.0.0.1';
2018-03-14T07:47:47.519464Z 0 [Note] Server socket created on IP: '127.0.0.1'.
2018-03-14T07:47:47.527957Z 0 [Note] Event Scheduler: Loaded 0 events
2018-03-14T07:47:47.528083Z 0 [Note] Execution of init_file '/var/lib/mysql-files/q5hsXivU3M' started.
2018-03-14T07:47:47.530931Z 0 [Note] Execution of init_file '/var/lib/mysql-files/q5hsXivU3M' ended.
2018-03-14T07:47:47.531001Z 0 [Note] mysqld: ready for connections.
Version: '5.7.21'  socket: '/tmp/tmp.jjRocNdRdU/mysqld.sock'  port: 3306  MySQL Community Server (GPL)
2018-03-14T07:47:47.531237Z 0 [Note] Giving 0 client threads a chance to die gracefully
2018-03-14T07:47:47.531261Z 0 [Note] Shutting down slave threads
2018-03-14T07:47:47.531265Z 0 [Note] Forcefully disconnecting 0 remaining clients
2018-03-14T07:47:47.531269Z 0 [Note] Event Scheduler: Purging the queue. 0 events
2018-03-14T07:47:47.531311Z 0 [Note] Binlog end
2018-03-14T07:47:47.531643Z 0 [Note] Shutting down plugin 'auth_socket'
2018-03-14T07:47:47.531650Z 0 [Note] Shutting down plugin 'ngram'
2018-03-14T07:47:47.531653Z 0 [Note] Shutting down plugin 'partition'
2018-03-14T07:47:47.531655Z 0 [Note] Shutting down plugin 'BLACKHOLE'
2018-03-14T07:47:47.531659Z 0 [Note] Shutting down plugin 'ARCHIVE'
2018-03-14T07:47:47.531661Z 0 [Note] Shutting down plugin 'PERFORMANCE_SCHEMA'
2018-03-14T07:47:47.531679Z 0 [Note] Shutting down plugin 'MRG_MYISAM'
2018-03-14T07:47:47.531682Z 0 [Note] Shutting down plugin 'MyISAM'
2018-03-14T07:47:47.531688Z 0 [Note] Shutting down plugin 'INNODB_SYS_VIRTUAL'
2018-03-14T07:47:47.531691Z 0 [Note] Shutting down plugin 'INNODB_SYS_DATAFILES'
2018-03-14T07:47:47.531693Z 0 [Note] Shutting down plugin 'INNODB_SYS_TABLESPACES'
2018-03-14T07:47:47.531696Z 0 [Note] Shutting down plugin 'INNODB_SYS_FOREIGN_COLS'
2018-03-14T07:47:47.531698Z 0 [Note] Shutting down plugin 'INNODB_SYS_FOREIGN'
2018-03-14T07:47:47.531700Z 0 [Note] Shutting down plugin 'INNODB_SYS_FIELDS'
2018-03-14T07:47:47.531703Z 0 [Note] Shutting down plugin 'INNODB_SYS_COLUMNS'
2018-03-14T07:47:47.531705Z 0 [Note] Shutting down plugin 'INNODB_SYS_INDEXES'
2018-03-14T07:47:47.531708Z 0 [Note] Shutting down plugin 'INNODB_SYS_TABLESTATS'
2018-03-14T07:47:47.531710Z 0 [Note] Shutting down plugin 'INNODB_SYS_TABLES'
2018-03-14T07:47:47.531712Z 0 [Note] Shutting down plugin 'INNODB_FT_INDEX_TABLE'
2018-03-14T07:47:47.531714Z 0 [Note] Shutting down plugin 'INNODB_FT_INDEX_CACHE'
2018-03-14T07:47:47.531717Z 0 [Note] Shutting down plugin 'INNODB_FT_CONFIG'
2018-03-14T07:47:47.531719Z 0 [Note] Shutting down plugin 'INNODB_FT_BEING_DELETED'
2018-03-14T07:47:47.531721Z 0 [Note] Shutting down plugin 'INNODB_FT_DELETED'
2018-03-14T07:47:47.531724Z 0 [Note] Shutting down plugin 'INNODB_FT_DEFAULT_STOPWORD'
2018-03-14T07:47:47.531726Z 0 [Note] Shutting down plugin 'INNODB_METRICS'
2018-03-14T07:47:47.531728Z 0 [Note] Shutting down plugin 'INNODB_TEMP_TABLE_INFO'
2018-03-14T07:47:47.531731Z 0 [Note] Shutting down plugin 'INNODB_BUFFER_POOL_STATS'
2018-03-14T07:47:47.531733Z 0 [Note] Shutting down plugin 'INNODB_BUFFER_PAGE_LRU'
2018-03-14T07:47:47.531736Z 0 [Note] Shutting down plugin 'INNODB_BUFFER_PAGE'
2018-03-14T07:47:47.531738Z 0 [Note] Shutting down plugin 'INNODB_CMP_PER_INDEX_RESET'
2018-03-14T07:47:47.531740Z 0 [Note] Shutting down plugin 'INNODB_CMP_PER_INDEX'
2018-03-14T07:47:47.531743Z 0 [Note] Shutting down plugin 'INNODB_CMPMEM_RESET'
2018-03-14T07:47:47.531745Z 0 [Note] Shutting down plugin 'INNODB_CMPMEM'
2018-03-14T07:47:47.531747Z 0 [Note] Shutting down plugin 'INNODB_CMP_RESET'
2018-03-14T07:47:47.531750Z 0 [Note] Shutting down plugin 'INNODB_CMP'
2018-03-14T07:47:47.531752Z 0 [Note] Shutting down plugin 'INNODB_LOCK_WAITS'
2018-03-14T07:47:47.531754Z 0 [Note] Shutting down plugin 'INNODB_LOCKS'
2018-03-14T07:47:47.531757Z 0 [Note] Shutting down plugin 'INNODB_TRX'
2018-03-14T07:47:47.531759Z 0 [Note] Shutting down plugin 'InnoDB'
2018-03-14T07:47:47.531810Z 0 [Note] InnoDB: FTS optimize thread exiting.
2018-03-14T07:47:47.531880Z 0 [Note] InnoDB: Starting shutdown...
2018-03-14T07:47:47.632137Z 0 [Note] InnoDB: Dumping buffer pool(s) to /var/lib/mysql/ib_buffer_pool
2018-03-14T07:47:47.632367Z 0 [Note] InnoDB: Buffer pool(s) dump completed at 180314  7:47:47
2018-03-14T07:47:49.341576Z 0 [Note] InnoDB: Shutdown completed; log sequence number 2551387
2018-03-14T07:47:49.343157Z 0 [Note] InnoDB: Removed temporary tablespace data file: "ibtmp1"
2018-03-14T07:47:49.343170Z 0 [Note] Shutting down plugin 'MEMORY'
2018-03-14T07:47:49.343175Z 0 [Note] Shutting down plugin 'CSV'
2018-03-14T07:47:49.343179Z 0 [Note] Shutting down plugin 'sha256_password'
2018-03-14T07:47:49.343182Z 0 [Note] Shutting down plugin 'mysql_native_password'
2018-03-14T07:47:49.343344Z 0 [Note] Shutting down plugin 'binlog'
2018-03-14T07:47:49.344389Z 0 [Note] mysqld: Shutdown complete

